# JRE version: OpenJDK Runtime Environment Temurin-21.0.9+10 (21.0.9+10) (build 21.0.9+10-LTS)
# Java VM: OpenJDK 64-Bit Server VM Temurin-21.0.9+10 (21.0.9+10-LTS, mixed mode, sharing, tiered, compressed oops, compressed class ptrs, parallel gc, windows-amd64)
GC Precious Log:
 CardTable entry size: 512
 CPUs: 8 total, 8 available
 Memory: 7926M
 Large Page Support: Disabled
 NUMA Support: Disabled
 Compressed Oops: Enabled (32-bit)
 Alignments: Space 512K, Generation 512K, Heap 2M
 Heap Min Capacity: 100M
 Heap Initial Capacity: 100M
 Heap Max Capacity: 2G
 Pre-touch: Disabled
 Parallel Workers: 8
Heap:
 PSYoungGen      total 3584K, used 3556K [0x00000000d5580000, 0x00000000d5980000, 0x0000000100000000)
  eden space 3072K, 99% used [0x00000000d5580000,0x00000000d58790e8,0x00000000d5880000)
  from space 512K, 100% used [0x00000000d5900000,0x00000000d5980000,0x00000000d5980000)
  to   space 512K, 0% used [0x00000000d5880000,0x00000000d5880000,0x00000000d5900000)
 ParOldGen       total 1341440K, used 1340947K [0x0000000080000000, 0x00000000d1e00000, 0x00000000d5580000)
  object space 1341440K, 99% used [0x0000000080000000,0x00000000d1d84cb0,0x00000000d1e00000)
 Metaspace       used 86353K, committed 87872K, reserved 1179648K
  class space    used 8651K, committed 9344K, reserved 1048576K
GC Heap History (20 events):
Event: 69798.966 GC heap before
{Heap before GC invocations=1823 (full 6):
 PSYoungGen      total 3584K, used 3296K [0x00000000d5580000, 0x00000000d5b00000, 0x0000000100000000)
  eden space 2048K, 96% used [0x00000000d5580000,0x00000000d576c0c8,0x00000000d5780000)
  from space 1536K, 86% used [0x00000000d5980000,0x00000000d5acc000,0x00000000d5b00000)
  to   space 1536K, 0% used [0x00000000d5800000,0x00000000d5800000,0x00000000d5980000)
 ParOldGen       total 1332736K, used 1332116K [0x0000000080000000, 0x00000000d1580000, 0x00000000d5580000)
  object space 1332736K, 99% used [0x0000000080000000,0x00000000d14e5058,0x00000000d1580000)
 Metaspace       used 86332K, committed 87872K, reserved 1179648K
  class space    used 8651K, committed 9344K, reserved 1048576K
}
Event: 69800.972 GC heap after
{Heap after GC invocations=1823 (full 6):
 PSYoungGen      total 3584K, used 1527K [0x00000000d5580000, 0x00000000d5b00000, 0x0000000100000000)
  eden space 2048K, 0% used [0x00000000d5580000,0x00000000d5580000,0x00000000d5780000)
  from space 1536K, 99% used [0x00000000d5800000,0x00000000d597dda0,0x00000000d5980000)
  to   space 1536K, 0% used [0x00000000d5980000,0x00000000d5980000,0x00000000d5b00000)
 ParOldGen       total 1333248K, used 1332996K [0x0000000080000000, 0x00000000d1600000, 0x00000000d5580000)
  object space 1333248K, 99% used [0x0000000080000000,0x00000000d15c1058,0x00000000d1600000)
 Metaspace       used 86332K, committed 87872K, reserved 1179648K
  class space    used 8651K, committed 9344K, reserved 1048576K
}
Event: 69800.986 GC heap before
{Heap before GC invocations=1824 (full 6):
 PSYoungGen      total 3584K, used 3575K [0x00000000d5580000, 0x00000000d5b00000, 0x0000000100000000)
  eden space 2048K, 100% used [0x00000000d5580000,0x00000000d5780000,0x00000000d5780000)
  from space 1536K, 99% used [0x00000000d5800000,0x00000000d597dda0,0x00000000d5980000)
  to   space 1536K, 0% used [0x00000000d5980000,0x00000000d5980000,0x00000000d5b00000)
 ParOldGen       total 1333248K, used 1332996K [0x0000000080000000, 0x00000000d1600000, 0x00000000d5580000)
  object space 1333248K, 99% used [0x0000000080000000,0x00000000d15c1058,0x00000000d1600000)
 Metaspace       used 86332K, committed 87872K, reserved 1179648K
  class space    used 8651K, committed 9344K, reserved 1048576K
}
Event: 69800.993 GC heap after
{Heap after GC invocations=1824 (full 6):
 PSYoungGen      total 2048K, used 1527K [0x00000000d5580000, 0x00000000d5f00000, 0x0000000100000000)
  eden space 512K, 0% used [0x00000000d5580000,0x00000000d5580000,0x00000000d5600000)
  from space 1536K, 99% used [0x00000000d5980000,0x00000000d5afdcc0,0x00000000d5b00000)
  to   space 3584K, 0% used [0x00000000d5600000,0x00000000d5600000,0x00000000d5980000)
 ParOldGen       total 1334784K, used 1334725K [0x0000000080000000, 0x00000000d1780000, 0x00000000d5580000)
  object space 1334784K, 99% used [0x0000000080000000,0x00000000d1771770,0x00000000d1780000)
 Metaspace       used 86332K, committed 87872K, reserved 1179648K
  class space    used 8651K, committed 9344K, reserved 1048576K
}
Event: 69800.995 GC heap before
{Heap before GC invocations=1825 (full 6):
 PSYoungGen      total 2048K, used 2039K [0x00000000d5580000, 0x00000000d5f00000, 0x0000000100000000)
  eden space 512K, 100% used [0x00000000d5580000,0x00000000d5600000,0x00000000d5600000)
  from space 1536K, 99% used [0x00000000d5980000,0x00000000d5afdcc0,0x00000000d5b00000)
  to   space 3584K, 0% used [0x00000000d5600000,0x00000000d5600000,0x00000000d5980000)
 ParOldGen       total 1334784K, used 1334725K [0x0000000080000000, 0x00000000d1780000, 0x00000000d5580000)
  object space 1334784K, 99% used [0x0000000080000000,0x00000000d1771770,0x00000000d1780000)
 Metaspace       used 86332K, committed 87872K, reserved 1179648K
  class space    used 8651K, committed 9344K, reserved 1048576K
}
Event: 69800.999 GC heap after
{Heap after GC invocations=1825 (full 6):
 PSYoungGen      total 1536K, used 608K [0x00000000d5580000, 0x00000000d5a80000, 0x0000000100000000)
  eden space 512K, 0% used [0x00000000d5580000,0x00000000d5580000,0x00000000d5600000)
  from space 1024K, 59% used [0x00000000d5600000,0x00000000d5698000,0x00000000d5700000)
  to   space 2048K, 0% used [0x00000000d5880000,0x00000000d5880000,0x00000000d5a80000)
 ParOldGen       total 1336320K, used 1336259K [0x0000000080000000, 0x00000000d1900000, 0x00000000d5580000)
  object space 1336320K, 99% used [0x0000000080000000,0x00000000d18f0d18,0x00000000d1900000)
 Metaspace       used 86332K, committed 87872K, reserved 1179648K
  class space    used 8651K, committed 9344K, reserved 1048576K
}
Event: 69801.001 GC heap before
{Heap before GC invocations=1826 (full 6):
 PSYoungGen      total 1536K, used 1120K [0x00000000d5580000, 0x00000000d5a80000, 0x0000000100000000)
  eden space 512K, 100% used [0x00000000d5580000,0x00000000d5600000,0x00000000d5600000)
  from space 1024K, 59% used [0x00000000d5600000,0x00000000d5698000,0x00000000d5700000)
  to   space 2048K, 0% used [0x00000000d5880000,0x00000000d5880000,0x00000000d5a80000)
 ParOldGen       total 1337344K, used 1336851K [0x0000000080000000, 0x00000000d1a00000, 0x00000000d5580000)
  object space 1337344K, 99% used [0x0000000080000000,0x00000000d1984dd0,0x00000000d1a00000)
 Metaspace       used 86332K, committed 87872K, reserved 1179648K
  class space    used 8651K, committed 9344K, reserved 1048576K
}
Event: 69801.006 GC heap after
{Heap after GC invocations=1826 (full 6):
 PSYoungGen      total 2048K, used 608K [0x00000000d5580000, 0x00000000d5980000, 0x0000000100000000)
  eden space 1024K, 0% used [0x00000000d5580000,0x00000000d5580000,0x00000000d5680000)
  from space 1024K, 59% used [0x00000000d5880000,0x00000000d5918000,0x00000000d5980000)
  to   space 1024K, 0% used [0x00000000d5780000,0x00000000d5780000,0x00000000d5880000)
 ParOldGen       total 1337856K, used 1337355K [0x0000000080000000, 0x00000000d1a80000, 0x00000000d5580000)
  object space 1337856K, 99% used [0x0000000080000000,0x00000000d1a02dd0,0x00000000d1a80000)
 Metaspace       used 86332K, committed 87872K, reserved 1179648K
  class space    used 8651K, committed 9344K, reserved 1048576K
}
Event: 69801.010 GC heap before
{Heap before GC invocations=1827 (full 6):
 PSYoungGen      total 2048K, used 1632K [0x00000000d5580000, 0x00000000d5980000, 0x0000000100000000)
  eden space 1024K, 100% used [0x00000000d5580000,0x00000000d5680000,0x00000000d5680000)
  from space 1024K, 59% used [0x00000000d5880000,0x00000000d5918000,0x00000000d5980000)
  to   space 1024K, 0% used [0x00000000d5780000,0x00000000d5780000,0x00000000d5880000)
 ParOldGen       total 1337856K, used 1337355K [0x0000000080000000, 0x00000000d1a80000, 0x00000000d5580000)
  object space 1337856K, 99% used [0x0000000080000000,0x00000000d1a02dd0,0x00000000d1a80000)
 Metaspace       used 86332K, committed 87872K, reserved 1179648K
  class space    used 8651K, committed 9344K, reserved 1048576K
}
Event: 69801.016 GC heap after
{Heap after GC invocations=1827 (full 6):
 PSYoungGen      total 2560K, used 1010K [0x00000000d5580000, 0x00000000d5b00000, 0x0000000100000000)
  eden space 1536K, 0% used [0x00000000d5580000,0x00000000d5580000,0x00000000d5700000)
  from space 1024K, 98% used [0x00000000d5780000,0x00000000d587c928,0x00000000d5880000)
  to   space 2048K, 0% used [0x00000000d5900000,0x00000000d5900000,0x00000000d5b00000)
 ParOldGen       total 1338368K, used 1337875K [0x0000000080000000, 0x00000000d1b00000, 0x00000000d5580000)
  object space 1338368K, 99% used [0x0000000080000000,0x00000000d1a84dd0,0x00000000d1b00000)
 Metaspace       used 86332K, committed 87872K, reserved 1179648K
  class space    used 8651K, committed 9344K, reserved 1048576K
}
Event: 69801.023 GC heap before
{Heap before GC invocations=1828 (full 6):
 PSYoungGen      total 2560K, used 2546K [0x00000000d5580000, 0x00000000d5b00000, 0x0000000100000000)
  eden space 1536K, 100% used [0x00000000d5580000,0x00000000d5700000,0x00000000d5700000)
  from space 1024K, 98% used [0x00000000d5780000,0x00000000d587c928,0x00000000d5880000)
  to   space 2048K, 0% used [0x00000000d5900000,0x00000000d5900000,0x00000000d5b00000)
 ParOldGen       total 1338368K, used 1337875K [0x0000000080000000, 0x00000000d1b00000, 0x00000000d5580000)
  object space 1338368K, 99% used [0x0000000080000000,0x00000000d1a84dd0,0x00000000d1b00000)
 Metaspace       used 86332K, committed 87872K, reserved 1179648K
  class space    used 8651K, committed 9344K, reserved 1048576K
}
Event: 69801.029 GC heap after
{Heap after GC invocations=1828 (full 6):
 PSYoungGen      total 3584K, used 1259K [0x00000000d5580000, 0x00000000d5a80000, 0x0000000100000000)
  eden space 2048K, 0% used [0x00000000d5580000,0x00000000d5580000,0x00000000d5780000)
  from space 1536K, 82% used [0x00000000d5900000,0x00000000d5a3afe8,0x00000000d5a80000)
  to   space 1536K, 0% used [0x00000000d5780000,0x00000000d5780000,0x00000000d5900000)
 ParOldGen       total 1339392K, used 1338911K [0x0000000080000000, 0x00000000d1c00000, 0x00000000d5580000)
  object space 1339392K, 99% used [0x0000000080000000,0x00000000d1b87dd0,0x00000000d1c00000)
 Metaspace       used 86332K, committed 87872K, reserved 1179648K
  class space    used 8651K, committed 9344K, reserved 1048576K
}
Event: 69801.111 GC heap before
{Heap before GC invocations=1829 (full 6):
 PSYoungGen      total 3584K, used 3307K [0x00000000d5580000, 0x00000000d5a80000, 0x0000000100000000)
  eden space 2048K, 99% used [0x00000000d5580000,0x00000000d577ffe8,0x00000000d5780000)
  from space 1536K, 82% used [0x00000000d5900000,0x00000000d5a3afe8,0x00000000d5a80000)
  to   space 1536K, 0% used [0x00000000d5780000,0x00000000d5780000,0x00000000d5900000)
 ParOldGen       total 1339392K, used 1338911K [0x0000000080000000, 0x00000000d1c00000, 0x00000000d5580000)
  object space 1339392K, 99% used [0x0000000080000000,0x00000000d1b87dd0,0x00000000d1c00000)
 Metaspace       used 86335K, committed 87872K, reserved 1179648K
  class space    used 8651K, committed 9344K, reserved 1048576K
}
Event: 69802.117 GC heap after
{Heap after GC invocations=1829 (full 6):
 PSYoungGen      total 3584K, used 480K [0x00000000d5580000, 0x00000000d5a00000, 0x0000000100000000)
  eden space 2048K, 0% used [0x00000000d5580000,0x00000000d5580000,0x00000000d5780000)
  from space 1536K, 31% used [0x00000000d5780000,0x00000000d57f8000,0x00000000d5900000)
  to   space 1024K, 0% used [0x00000000d5900000,0x00000000d5900000,0x00000000d5a00000)
 ParOldGen       total 1340416K, used 1340035K [0x0000000080000000, 0x00000000d1d00000, 0x00000000d5580000)
  object space 1340416K, 99% used [0x0000000080000000,0x00000000d1ca0ca0,0x00000000d1d00000)
 Metaspace       used 86335K, committed 87872K, reserved 1179648K
  class space    used 8651K, committed 9344K, reserved 1048576K
}
Event: 69802.142 GC heap before
{Heap before GC invocations=1830 (full 6):
 PSYoungGen      total 3584K, used 2521K [0x00000000d5580000, 0x00000000d5a00000, 0x0000000100000000)
  eden space 2048K, 99% used [0x00000000d5580000,0x00000000d577e678,0x00000000d5780000)
  from space 1536K, 31% used [0x00000000d5780000,0x00000000d57f8000,0x00000000d5900000)
  to   space 1024K, 0% used [0x00000000d5900000,0x00000000d5900000,0x00000000d5a00000)
 ParOldGen       total 1340416K, used 1340035K [0x0000000080000000, 0x00000000d1d00000, 0x00000000d5580000)
  object space 1340416K, 99% used [0x0000000080000000,0x00000000d1ca0ca0,0x00000000d1d00000)
 Metaspace       used 86344K, committed 87872K, reserved 1179648K
  class space    used 8651K, committed 9344K, reserved 1048576K
}
Event: 69802.149 GC heap after
{Heap after GC invocations=1830 (full 6):
 PSYoungGen      total 3072K, used 256K [0x00000000d5580000, 0x00000000d5980000, 0x0000000100000000)
  eden space 2560K, 0% used [0x00000000d5580000,0x00000000d5580000,0x00000000d5800000)
  from space 512K, 50% used [0x00000000d5900000,0x00000000d5940000,0x00000000d5980000)
  to   space 512K, 0% used [0x00000000d5880000,0x00000000d5880000,0x00000000d5900000)
 ParOldGen       total 1340928K, used 1340491K [0x0000000080000000, 0x00000000d1d80000, 0x00000000d5580000)
  object space 1340928K, 99% used [0x0000000080000000,0x00000000d1d12ca0,0x00000000d1d80000)
 Metaspace       used 86344K, committed 87872K, reserved 1179648K
  class space    used 8651K, committed 9344K, reserved 1048576K
}
Event: 69802.173 GC heap before
{Heap before GC invocations=1831 (full 6):
 PSYoungGen      total 3072K, used 2815K [0x00000000d5580000, 0x00000000d5980000, 0x0000000100000000)
  eden space 2560K, 99% used [0x00000000d5580000,0x00000000d57ffff8,0x00000000d5800000)
  from space 512K, 50% used [0x00000000d5900000,0x00000000d5940000,0x00000000d5980000)
  to   space 512K, 0% used [0x00000000d5880000,0x00000000d5880000,0x00000000d5900000)
 ParOldGen       total 1340928K, used 1340491K [0x0000000080000000, 0x00000000d1d80000, 0x00000000d5580000)
  object space 1340928K, 99% used [0x0000000080000000,0x00000000d1d12ca0,0x00000000d1d80000)
 Metaspace       used 86344K, committed 87872K, reserved 1179648K
  class space    used 8651K, committed 9344K, reserved 1048576K
}
Event: 69802.178 GC heap after
{Heap after GC invocations=1831 (full 6):
 PSYoungGen      total 3584K, used 448K [0x00000000d5580000, 0x00000000d5980000, 0x0000000100000000)
  eden space 3072K, 0% used [0x00000000d5580000,0x00000000d5580000,0x00000000d5880000)
  from space 512K, 87% used [0x00000000d5880000,0x00000000d58f0010,0x00000000d5900000)
  to   space 512K, 0% used [0x00000000d5900000,0x00000000d5900000,0x00000000d5980000)
 ParOldGen       total 1340928K, used 1340619K [0x0000000080000000, 0x00000000d1d80000, 0x00000000d5580000)
  object space 1340928K, 99% used [0x0000000080000000,0x00000000d1d32ca0,0x00000000d1d80000)
 Metaspace       used 86344K, committed 87872K, reserved 1179648K
  class space    used 8651K, committed 9344K, reserved 1048576K
}
Event: 69802.204 GC heap before
{Heap before GC invocations=1832 (full 6):
 PSYoungGen      total 3584K, used 3520K [0x00000000d5580000, 0x00000000d5980000, 0x0000000100000000)
  eden space 3072K, 100% used [0x00000000d5580000,0x00000000d5880000,0x00000000d5880000)
  from space 512K, 87% used [0x00000000d5880000,0x00000000d58f0010,0x00000000d5900000)
  to   space 512K, 0% used [0x00000000d5900000,0x00000000d5900000,0x00000000d5980000)
 ParOldGen       total 1340928K, used 1340619K [0x0000000080000000, 0x00000000d1d80000, 0x00000000d5580000)
  object space 1340928K, 99% used [0x0000000080000000,0x00000000d1d32ca0,0x00000000d1d80000)
 Metaspace       used 86348K, committed 87872K, reserved 1179648K
  class space    used 8651K, committed 9344K, reserved 1048576K
}
Event: 69804.230 GC heap after
{Heap after GC invocations=1832 (full 6):
 PSYoungGen      total 3584K, used 512K [0x00000000d5580000, 0x00000000d5980000, 0x0000000100000000)
  eden space 3072K, 0% used [0x00000000d5580000,0x00000000d5580000,0x00000000d5880000)
  from space 512K, 100% used [0x00000000d5900000,0x00000000d5980000,0x00000000d5980000)
  to   space 512K, 0% used [0x00000000d5880000,0x00000000d5880000,0x00000000d5900000)
 ParOldGen       total 1341440K, used 1340947K [0x0000000080000000, 0x00000000d1e00000, 0x00000000d5580000)
  object space 1341440K, 99% used [0x0000000080000000,0x00000000d1d84cb0,0x00000000d1e00000)
 Metaspace       used 86348K, committed 87872K, reserved 1179648K
  class space    used 8651K, committed 9344K, reserved 1048576K
}

