# JRE version: OpenJDK Runtime Environment Temurin-21.0.9+10 (21.0.9+10) (build 21.0.9+10-LTS)
# Java VM: OpenJDK 64-Bit Server VM Temurin-21.0.9+10 (21.0.9+10-LTS, mixed mode, sharing, tiered, compressed oops, compressed class ptrs, parallel gc, windows-amd64)
GC Precious Log:
 CardTable entry size: 512
 CPUs: 8 total, 8 available
 Memory: 7926M
 Large Page Support: Disabled
 NUMA Support: Disabled
 Compressed Oops: Enabled (32-bit)
 Alignments: Space 512K, Generation 512K, Heap 2M
 Heap Min Capacity: 100M
 Heap Initial Capacity: 100M
 Heap Max Capacity: 2G
 Pre-touch: Disabled
 Parallel Workers: 8
Heap:
 PSYoungGen      total 8192K, used 7032K [0x00000000d5580000, 0x00000000d6280000, 0x0000000100000000)
  eden space 4608K, 100% used [0x00000000d5580000,0x00000000d5a00000,0x00000000d5a00000)
  from space 3584K, 67% used [0x00000000d5a00000,0x00000000d5c5e188,0x00000000d5d80000)
  to   space 4096K, 74% used [0x00000000d5e80000,0x00000000d617c000,0x00000000d6280000)
 ParOldGen       total 572928K, used 572920K [0x0000000080000000, 0x00000000a2f80000, 0x00000000d5580000)
  object space 572928K, 99% used [0x0000000080000000,0x00000000a2f7e0a8,0x00000000a2f80000)
 Metaspace       used 78481K, committed 79872K, reserved 1179648K
  class space    used 8148K, committed 8768K, reserved 1048576K
GC Heap History (20 events):
Event: 3042.824 GC heap before
{Heap before GC invocations=1077 (full 5):
 PSYoungGen      total 3584K, used 3055K [0x00000000d5580000, 0x00000000d5c00000, 0x0000000100000000)
  eden space 3072K, 94% used [0x00000000d5580000,0x00000000d5853eb0,0x00000000d5880000)
  from space 512K, 31% used [0x00000000d5b00000,0x00000000d5b28000,0x00000000d5b80000)
  to   space 512K, 0% used [0x00000000d5b80000,0x00000000d5b80000,0x00000000d5c00000)
 ParOldGen       total 538112K, used 538026K [0x0000000080000000, 0x00000000a0d80000, 0x00000000d5580000)
  object space 538112K, 99% used [0x0000000080000000,0x00000000a0d6aac8,0x00000000a0d80000)
 Metaspace       used 78478K, committed 79872K, reserved 1179648K
  class space    used 8148K, committed 8768K, reserved 1048576K
}
Event: 3042.825 GC heap after
{Heap after GC invocations=1077 (full 5):
 PSYoungGen      total 3584K, used 192K [0x00000000d5580000, 0x00000000d5c00000, 0x0000000100000000)
  eden space 3072K, 0% used [0x00000000d5580000,0x00000000d5580000,0x00000000d5880000)
  from space 512K, 37% used [0x00000000d5b80000,0x00000000d5bb0000,0x00000000d5c00000)
  to   space 512K, 0% used [0x00000000d5b00000,0x00000000d5b00000,0x00000000d5b80000)
 ParOldGen       total 538112K, used 538074K [0x0000000080000000, 0x00000000a0d80000, 0x00000000d5580000)
  object space 538112K, 99% used [0x0000000080000000,0x00000000a0d76ac8,0x00000000a0d80000)
 Metaspace       used 78478K, committed 79872K, reserved 1179648K
  class space    used 8148K, committed 8768K, reserved 1048576K
}
Event: 3042.854 GC heap before
{Heap before GC invocations=1078 (full 5):
 PSYoungGen      total 3584K, used 3087K [0x00000000d5580000, 0x00000000d5c00000, 0x0000000100000000)
  eden space 3072K, 94% used [0x00000000d5580000,0x00000000d5853cc0,0x00000000d5880000)
  from space 512K, 37% used [0x00000000d5b80000,0x00000000d5bb0000,0x00000000d5c00000)
  to   space 512K, 0% used [0x00000000d5b00000,0x00000000d5b00000,0x00000000d5b80000)
 ParOldGen       total 542208K, used 541814K [0x0000000080000000, 0x00000000a1180000, 0x00000000d5580000)
  object space 542208K, 99% used [0x0000000080000000,0x00000000a111dbc8,0x00000000a1180000)
 Metaspace       used 78478K, committed 79872K, reserved 1179648K
  class space    used 8148K, committed 8768K, reserved 1048576K
}
Event: 3042.859 GC heap after
{Heap after GC invocations=1078 (full 5):
 PSYoungGen      total 3584K, used 192K [0x00000000d5580000, 0x00000000d5c00000, 0x0000000100000000)
  eden space 3072K, 0% used [0x00000000d5580000,0x00000000d5580000,0x00000000d5880000)
  from space 512K, 37% used [0x00000000d5b00000,0x00000000d5b30000,0x00000000d5b80000)
  to   space 512K, 0% used [0x00000000d5b80000,0x00000000d5b80000,0x00000000d5c00000)
 ParOldGen       total 542208K, used 541846K [0x0000000080000000, 0x00000000a1180000, 0x00000000d5580000)
  object space 542208K, 99% used [0x0000000080000000,0x00000000a1125bc8,0x00000000a1180000)
 Metaspace       used 78478K, committed 79872K, reserved 1179648K
  class space    used 8148K, committed 8768K, reserved 1048576K
}
Event: 3042.885 GC heap before
{Heap before GC invocations=1079 (full 5):
 PSYoungGen      total 3584K, used 3264K [0x00000000d5580000, 0x00000000d5c00000, 0x0000000100000000)
  eden space 3072K, 100% used [0x00000000d5580000,0x00000000d5880000,0x00000000d5880000)
  from space 512K, 37% used [0x00000000d5b00000,0x00000000d5b30000,0x00000000d5b80000)
  to   space 512K, 0% used [0x00000000d5b80000,0x00000000d5b80000,0x00000000d5c00000)
 ParOldGen       total 546304K, used 545587K [0x0000000080000000, 0x00000000a1580000, 0x00000000d5580000)
  object space 546304K, 99% used [0x0000000080000000,0x00000000a14cccc8,0x00000000a1580000)
 Metaspace       used 78478K, committed 79872K, reserved 1179648K
  class space    used 8148K, committed 8768K, reserved 1048576K
}
Event: 3042.889 GC heap after
{Heap after GC invocations=1079 (full 5):
 PSYoungGen      total 3584K, used 432K [0x00000000d5580000, 0x00000000d5c00000, 0x0000000100000000)
  eden space 3072K, 0% used [0x00000000d5580000,0x00000000d5580000,0x00000000d5880000)
  from space 512K, 84% used [0x00000000d5b80000,0x00000000d5bec1d0,0x00000000d5c00000)
  to   space 512K, 0% used [0x00000000d5b00000,0x00000000d5b00000,0x00000000d5b80000)
 ParOldGen       total 546304K, used 545643K [0x0000000080000000, 0x00000000a1580000, 0x00000000d5580000)
  object space 546304K, 99% used [0x0000000080000000,0x00000000a14dacc8,0x00000000a1580000)
 Metaspace       used 78478K, committed 79872K, reserved 1179648K
  class space    used 8148K, committed 8768K, reserved 1048576K
}
Event: 3043.900 GC heap before
{Heap before GC invocations=1080 (full 5):
 PSYoungGen      total 3584K, used 3504K [0x00000000d5580000, 0x00000000d5c00000, 0x0000000100000000)
  eden space 3072K, 99% used [0x00000000d5580000,0x00000000d587fff8,0x00000000d5880000)
  from space 512K, 84% used [0x00000000d5b80000,0x00000000d5bec1d0,0x00000000d5c00000)
  to   space 512K, 0% used [0x00000000d5b00000,0x00000000d5b00000,0x00000000d5b80000)
 ParOldGen       total 548352K, used 547513K [0x0000000080000000, 0x00000000a1780000, 0x00000000d5580000)
  object space 548352K, 99% used [0x0000000080000000,0x00000000a16ae548,0x00000000a1780000)
 Metaspace       used 78478K, committed 79872K, reserved 1179648K
  class space    used 8148K, committed 8768K, reserved 1048576K
}
Event: 3043.902 GC heap after
{Heap after GC invocations=1080 (full 5):
 PSYoungGen      total 3584K, used 320K [0x00000000d5580000, 0x00000000d5c00000, 0x0000000100000000)
  eden space 3072K, 0% used [0x00000000d5580000,0x00000000d5580000,0x00000000d5880000)
  from space 512K, 62% used [0x00000000d5b00000,0x00000000d5b50020,0x00000000d5b80000)
  to   space 512K, 0% used [0x00000000d5b80000,0x00000000d5b80000,0x00000000d5c00000)
 ParOldGen       total 548352K, used 547545K [0x0000000080000000, 0x00000000a1780000, 0x00000000d5580000)
  object space 548352K, 99% used [0x0000000080000000,0x00000000a16b6548,0x00000000a1780000)
 Metaspace       used 78478K, committed 79872K, reserved 1179648K
  class space    used 8148K, committed 8768K, reserved 1048576K
}
Event: 3045.135 GC heap before
{Heap before GC invocations=1081 (full 5):
 PSYoungGen      total 3584K, used 3392K [0x00000000d5580000, 0x00000000d5c00000, 0x0000000100000000)
  eden space 3072K, 100% used [0x00000000d5580000,0x00000000d5880000,0x00000000d5880000)
  from space 512K, 62% used [0x00000000d5b00000,0x00000000d5b50020,0x00000000d5b80000)
  to   space 512K, 0% used [0x00000000d5b80000,0x00000000d5b80000,0x00000000d5c00000)
 ParOldGen       total 558592K, used 556895K [0x0000000080000000, 0x00000000a2180000, 0x00000000d5580000)
  object space 558592K, 99% used [0x0000000080000000,0x00000000a1fd7fc8,0x00000000a2180000)
 Metaspace       used 78479K, committed 79872K, reserved 1179648K
  class space    used 8148K, committed 8768K, reserved 1048576K
}
Event: 3045.137 GC heap after
{Heap after GC invocations=1081 (full 5):
 PSYoungGen      total 3584K, used 256K [0x00000000d5580000, 0x00000000d5c00000, 0x0000000100000000)
  eden space 3072K, 0% used [0x00000000d5580000,0x00000000d5580000,0x00000000d5880000)
  from space 512K, 50% used [0x00000000d5b80000,0x00000000d5bc0000,0x00000000d5c00000)
  to   space 512K, 0% used [0x00000000d5b00000,0x00000000d5b00000,0x00000000d5b80000)
 ParOldGen       total 558592K, used 556999K [0x0000000080000000, 0x00000000a2180000, 0x00000000d5580000)
  object space 558592K, 99% used [0x0000000080000000,0x00000000a1ff1fe8,0x00000000a2180000)
 Metaspace       used 78479K, committed 79872K, reserved 1179648K
  class space    used 8148K, committed 8768K, reserved 1048576K
}
Event: 3045.142 GC heap before
{Heap before GC invocations=1082 (full 5):
 PSYoungGen      total 3584K, used 3328K [0x00000000d5580000, 0x00000000d5c00000, 0x0000000100000000)
  eden space 3072K, 100% used [0x00000000d5580000,0x00000000d5880000,0x00000000d5880000)
  from space 512K, 50% used [0x00000000d5b80000,0x00000000d5bc0000,0x00000000d5c00000)
  to   space 512K, 0% used [0x00000000d5b00000,0x00000000d5b00000,0x00000000d5b80000)
 ParOldGen       total 558592K, used 556999K [0x0000000080000000, 0x00000000a2180000, 0x00000000d5580000)
  object space 558592K, 99% used [0x0000000080000000,0x00000000a1ff1fe8,0x00000000a2180000)
 Metaspace       used 78480K, committed 79872K, reserved 1179648K
  class space    used 8148K, committed 8768K, reserved 1048576K
}
Event: 3046.144 GC heap after
{Heap after GC invocations=1082 (full 5):
 PSYoungGen      total 3584K, used 488K [0x00000000d5580000, 0x00000000d6380000, 0x0000000100000000)
  eden space 3072K, 0% used [0x00000000d5580000,0x00000000d5580000,0x00000000d5880000)
  from space 512K, 95% used [0x00000000d5b00000,0x00000000d5b7a020,0x00000000d5b80000)
  to   space 5632K, 0% used [0x00000000d5e00000,0x00000000d5e00000,0x00000000d6380000)
 ParOldGen       total 562688K, used 561116K [0x0000000080000000, 0x00000000a2580000, 0x00000000d5580000)
  object space 562688K, 99% used [0x0000000080000000,0x00000000a23f7118,0x00000000a2580000)
 Metaspace       used 78480K, committed 79872K, reserved 1179648K
  class space    used 8148K, committed 8768K, reserved 1048576K
}
Event: 3046.252 GC heap before
{Heap before GC invocations=1083 (full 5):
 PSYoungGen      total 3584K, used 3559K [0x00000000d5580000, 0x00000000d6380000, 0x0000000100000000)
  eden space 3072K, 99% used [0x00000000d5580000,0x00000000d587ff90,0x00000000d5880000)
  from space 512K, 95% used [0x00000000d5b00000,0x00000000d5b7a020,0x00000000d5b80000)
  to   space 5632K, 0% used [0x00000000d5e00000,0x00000000d5e00000,0x00000000d6380000)
 ParOldGen       total 564736K, used 562986K [0x0000000080000000, 0x00000000a2780000, 0x00000000d5580000)
  object space 564736K, 99% used [0x0000000080000000,0x00000000a25ca998,0x00000000a2780000)
 Metaspace       used 78480K, committed 79872K, reserved 1179648K
  class space    used 8148K, committed 8768K, reserved 1048576K
}
Event: 3046.258 GC heap after
{Heap after GC invocations=1083 (full 5):
 PSYoungGen      total 6144K, used 2624K [0x00000000d5580000, 0x00000000d6100000, 0x0000000100000000)
  eden space 3072K, 0% used [0x00000000d5580000,0x00000000d5580000,0x00000000d5880000)
  from space 3072K, 85% used [0x00000000d5e00000,0x00000000d60901e0,0x00000000d6100000)
  to   space 3584K, 0% used [0x00000000d5a00000,0x00000000d5a00000,0x00000000d5d80000)
 ParOldGen       total 564736K, used 563402K [0x0000000080000000, 0x00000000a2780000, 0x00000000d5580000)
  object space 564736K, 99% used [0x0000000080000000,0x00000000a26329c8,0x00000000a2780000)
 Metaspace       used 78480K, committed 79872K, reserved 1179648K
  class space    used 8148K, committed 8768K, reserved 1048576K
}
Event: 3046.262 GC heap before
{Heap before GC invocations=1084 (full 5):
 PSYoungGen      total 6144K, used 5696K [0x00000000d5580000, 0x00000000d6100000, 0x0000000100000000)
  eden space 3072K, 100% used [0x00000000d5580000,0x00000000d5880000,0x00000000d5880000)
  from space 3072K, 85% used [0x00000000d5e00000,0x00000000d60901e0,0x00000000d6100000)
  to   space 3584K, 0% used [0x00000000d5a00000,0x00000000d5a00000,0x00000000d5d80000)
 ParOldGen       total 564736K, used 563402K [0x0000000080000000, 0x00000000a2780000, 0x00000000d5580000)
  object space 564736K, 99% used [0x0000000080000000,0x00000000a26329c8,0x00000000a2780000)
 Metaspace       used 78480K, committed 79872K, reserved 1179648K
  class space    used 8148K, committed 8768K, reserved 1048576K
}
Event: 3046.269 GC heap after
{Heap after GC invocations=1084 (full 5):
 PSYoungGen      total 7680K, used 3086K [0x00000000d5580000, 0x00000000d6080000, 0x0000000100000000)
  eden space 4096K, 0% used [0x00000000d5580000,0x00000000d5580000,0x00000000d5980000)
  from space 3584K, 86% used [0x00000000d5a00000,0x00000000d5d03880,0x00000000d5d80000)
  to   space 3072K, 0% used [0x00000000d5d80000,0x00000000d5d80000,0x00000000d6080000)
 ParOldGen       total 565760K, used 565658K [0x0000000080000000, 0x00000000a2880000, 0x00000000d5580000)
  object space 565760K, 99% used [0x0000000080000000,0x00000000a28669d8,0x00000000a2880000)
 Metaspace       used 78480K, committed 79872K, reserved 1179648K
  class space    used 8148K, committed 8768K, reserved 1048576K
}
Event: 3046.290 GC heap before
{Heap before GC invocations=1085 (full 5):
 PSYoungGen      total 7680K, used 7170K [0x00000000d5580000, 0x00000000d6080000, 0x0000000100000000)
  eden space 4096K, 99% used [0x00000000d5580000,0x00000000d597d298,0x00000000d5980000)
  from space 3584K, 86% used [0x00000000d5a00000,0x00000000d5d03880,0x00000000d5d80000)
  to   space 3072K, 0% used [0x00000000d5d80000,0x00000000d5d80000,0x00000000d6080000)
 ParOldGen       total 565760K, used 565658K [0x0000000080000000, 0x00000000a2880000, 0x00000000d5580000)
  object space 565760K, 99% used [0x0000000080000000,0x00000000a28669d8,0x00000000a2880000)
 Metaspace       used 78480K, committed 79872K, reserved 1179648K
  class space    used 8148K, committed 8768K, reserved 1048576K
}
Event: 3049.310 GC heap after
{Heap after GC invocations=1085 (full 5):
 PSYoungGen      total 7168K, used 3052K [0x00000000d5580000, 0x00000000d6080000, 0x0000000100000000)
  eden space 4096K, 0% used [0x00000000d5580000,0x00000000d5580000,0x00000000d5980000)
  from space 3072K, 99% used [0x00000000d5d80000,0x00000000d607b290,0x00000000d6080000)
  to   space 3584K, 0% used [0x00000000d5a00000,0x00000000d5a00000,0x00000000d5d80000)
 ParOldGen       total 569344K, used 568928K [0x0000000080000000, 0x00000000a2c00000, 0x00000000d5580000)
  object space 569344K, 99% used [0x0000000080000000,0x00000000a2b98258,0x00000000a2c00000)
 Metaspace       used 78480K, committed 79872K, reserved 1179648K
  class space    used 8148K, committed 8768K, reserved 1048576K
}
Event: 3049.355 GC heap before
{Heap before GC invocations=1086 (full 5):
 PSYoungGen      total 7168K, used 7148K [0x00000000d5580000, 0x00000000d6080000, 0x0000000100000000)
  eden space 4096K, 100% used [0x00000000d5580000,0x00000000d5980000,0x00000000d5980000)
  from space 3072K, 99% used [0x00000000d5d80000,0x00000000d607b290,0x00000000d6080000)
  to   space 3584K, 0% used [0x00000000d5a00000,0x00000000d5a00000,0x00000000d5d80000)
 ParOldGen       total 569344K, used 568928K [0x0000000080000000, 0x00000000a2c00000, 0x00000000d5580000)
  object space 569344K, 99% used [0x0000000080000000,0x00000000a2b98258,0x00000000a2c00000)
 Metaspace       used 78481K, committed 79872K, reserved 1179648K
  class space    used 8148K, committed 8768K, reserved 1048576K
}
Event: 3050.360 GC heap after
{Heap after GC invocations=1086 (full 5):
 PSYoungGen      total 8192K, used 2424K [0x00000000d5580000, 0x00000000d6280000, 0x0000000100000000)
  eden space 4608K, 0% used [0x00000000d5580000,0x00000000d5580000,0x00000000d5a00000)
  from space 3584K, 67% used [0x00000000d5a00000,0x00000000d5c5e188,0x00000000d5d80000)
  to   space 4096K, 0% used [0x00000000d5e80000,0x00000000d5e80000,0x00000000d6280000)
 ParOldGen       total 571904K, used 571838K [0x0000000080000000, 0x00000000a2e80000, 0x00000000d5580000)
  object space 571904K, 99% used [0x0000000080000000,0x00000000a2e6f8e8,0x00000000a2e80000)
 Metaspace       used 78481K, committed 79872K, reserved 1179648K
  class space    used 8148K, committed 8768K, reserved 1048576K
}

